<?xml version="1.0" encoding="UTF-8"?>
<!-- Generated by org.testng.reporters.JUnitXMLReporter -->
<testsuite hostname="丹哥" ignored="0" name="VicubeInterfaceTestCase" tests="110" failures="0" timestamp="21 八月 2018 09:25:54 GMT" time="12.586" errors="0">
  <testcase name="queryUserInfo" time="0.114" classname="com.cases.VicubeInterfaceCase175"/>
  <testcase name="DoLogin" time="0.049" classname="com.cases.VicubeInterfaceCase175"/>
  <testcase name="getFunctionsByUserId" time="0.022" classname="com.cases.VicubeInterfaceCase175"/>
  <testcase name="queryAllObjectsByUserId" time="0.035" classname="com.cases.VicubeInterfaceCase175"/>
  <testcase name="getUserViewsByType" time="0.01" classname="com.cases.VicubeInterfaceCase175"/>
  <testcase name="getMyViewEntriesNoContent" time="0.008" classname="com.cases.VicubeInterfaceCase175"/>
  <testcase name="queryGroupInfoLike" time="0.011" classname="com.cases.VicubeInterfaceCase175"/>
  <testcase name="getAllDomains" time="0.023" classname="com.cases.VicubeInterfaceCase175"/>
  <testcase name="createGroup" time="0.016" classname="com.cases.VicubeInterfaceCase175"/>
  <testcase name="addView" time="0.014" classname="com.cases.VicubeInterfaceCase175"/>
  <testcase name="grantObjects2Group" time="0.012" classname="com.cases.VicubeInterfaceCase175"/>
  <testcase name="queryGroupInfo" time="0.012" classname="com.cases.VicubeInterfaceCase175"/>
  <testcase name="queryUsersByGroupId" time="0.011" classname="com.cases.VicubeInterfaceCase175"/>
  <testcase name="grantUsers2Group" time="0.012" classname="com.cases.VicubeInterfaceCase175"/>
  <testcase name="disableGroup" time="0.013" classname="com.cases.VicubeInterfaceCase175"/>
  <testcase name="getViewsExcludeKpiAndDeskTop" time="0.803" classname="com.cases.VicubeInterfaceCase175"/>
  <testcase name="deleteGroup" time="0.017" classname="com.cases.VicubeInterfaceCase175"/>
  <testcase name="getAllFunctions" time="0.02" classname="com.cases.VicubeInterfaceCase175"/>
  <testcase name="findByModelName" time="0.011" classname="com.cases.VicubeInterfaceCase175"/>
  <testcase name="queryObjectsByGroupId" time="0.069" classname="com.cases.VicubeInterfaceCase175"/>
  <testcase name="grantMenuAmoduleAview2User" time="0.014" classname="com.cases.VicubeInterfaceCase175"/>
  <testcase name="grantObjectsDomain" time="0.012" classname="com.cases.VicubeInterfaceCase175"/>
  <testcase name="queryUserInfo2" time="0.015" classname="com.cases.VicubeInterfaceCase175"/>
  <testcase name="queryAuditInfo" time="0.095" classname="com.cases.VicubeInterfaceCase175"/>
  <testcase name="insertBaseLinePolicy" time="0.01" classname="com.cases.VicubeInterfaceCase175"/>
  <testcase name="getBaseLinePolicyList" time="0.009" classname="com.cases.VicubeInterfaceCase175"/>
  <testcase name="updateBaseLinePolicy" time="0.008" classname="com.cases.VicubeInterfaceCase175"/>
  <testcase name="cleanBaseLinePolicy" time="0.009" classname="com.cases.VicubeInterfaceCase175"/>
  <testcase name="queryWarningRuleList" time="0.008" classname="com.cases.VicubeInterfaceCase175"/>
  <testcase name="getAllTypeNodes" time="0.062" classname="com.cases.VicubeInterfaceCase175"/>
  <testcase name="getAllMyNodesByTypeName" time="0.51" classname="com.cases.VicubeInterfaceCase175"/>
  <testcase name="getBaseLineDefList" time="0.011" classname="com.cases.VicubeInterfaceCase175"/>
  <testcase name="getKpiItemList" time="0.014" classname="com.cases.VicubeInterfaceCase175"/>
  <testcase name="getOneWarningRule" time="0.009" classname="com.cases.VicubeInterfaceCase175"/>
  <testcase name="checkBaseLineDef" time="0.007" classname="com.cases.VicubeInterfaceCase175"/>
  <testcase name="insertBaseLineDef" time="0.009" classname="com.cases.VicubeInterfaceCase175"/>
  <testcase name="updateBaseLineCalendarByBatch" time="0.01" classname="com.cases.VicubeInterfaceCase175"/>
  <testcase name="getBaseLineCalendarList" time="0.008" classname="com.cases.VicubeInterfaceCase175"/>
  <testcase name="cleanBaseLineDef" time="0.009" classname="com.cases.VicubeInterfaceCase175"/>
  <testcase name="findModelTree" time="0.1" classname="com.cases.VicubeInterfaceCase175"/>
  <testcase name="getEnums" time="0.01" classname="com.cases.VicubeInterfaceCase175"/>
  <testcase name="findInstanceByModelSortOrder" time="0.007" classname="com.cases.VicubeInterfaceCase175"/>
  <testcase name="find" time="0.012" classname="com.cases.VicubeInterfaceCase175"/>
  <testcase name="getAllDicts" time="0.023" classname="com.cases.VicubeInterfaceCase175"/>
  <testcase name="queryByFilter" time="0.014" classname="com.cases.VicubeInterfaceCase175"/>
  <testcase name="findAll" time="0.45" classname="com.cases.VicubeInterfaceCase175"/>
  <testcase name="findSelectTree" time="0.081" classname="com.cases.VicubeInterfaceCase175"/>
  <testcase name="queryByFilter2" time="0.022" classname="com.cases.VicubeInterfaceCase175"/>
  <testcase name="findByOperationTypeAndModelName" time="0.008" classname="com.cases.VicubeInterfaceCase175"/>
  <testcase name="findList" time="0.008" classname="com.cases.VicubeInterfaceCase175"/>
  <testcase name="add" time="0.216" classname="com.cases.VicubeInterfaceCase175"/>
  <testcase name="findByNameNotBuiltInAttr" time="0.037" classname="com.cases.VicubeInterfaceCase175"/>
  <testcase name="update" time="0.364" classname="com.cases.VicubeInterfaceCase175"/>
  <testcase name="remove" time="0.209" classname="com.cases.VicubeInterfaceCase175"/>
  <testcase name="relationAttributeServiceAdd" time="0.521" classname="com.cases.VicubeInterfaceCase175"/>
  <testcase name="findById" time="0.015" classname="com.cases.VicubeInterfaceCase175"/>
  <testcase name="removeBatch" time="0.008" classname="com.cases.VicubeInterfaceCase175"/>
  <testcase name="instanceHistoryServiceFind" time="0.01" classname="com.cases.VicubeInterfaceCase175"/>
  <testcase name="queryFilterByColorAdmin" time="0.01" classname="com.cases.VicubeInterfaceCase175"/>
  <testcase name="getDefulateValue" time="0.009" classname="com.cases.VicubeInterfaceCase175"/>
  <testcase name="queryInstanceByRelationPage" time="0.021" classname="com.cases.VicubeInterfaceCase175"/>
  <testcase name="validation" time="0.006" classname="com.cases.VicubeInterfaceCase175"/>
  <testcase name="instanceServiceAdd" time="0.452" classname="com.cases.VicubeInterfaceCase175"/>
  <testcase name="findByName" time="0.014" classname="com.cases.VicubeInterfaceCase175"/>
  <testcase name="findBySourceOrTarget_Label" time="0.007" classname="com.cases.VicubeInterfaceCase175"/>
  <testcase name="findBySourceOrTarget" time="0.005" classname="com.cases.VicubeInterfaceCase175"/>
  <testcase name="checkInstanceHasRelation" time="0.007" classname="com.cases.VicubeInterfaceCase175"/>
  <testcase name="instanceServiceUpdate" time="0.316" classname="com.cases.VicubeInterfaceCase175"/>
  <testcase name="checkRelation" time="1.967" classname="com.cases.VicubeInterfaceCase175"/>
  <testcase name="instanceServiceRemove" time="0.404" classname="com.cases.VicubeInterfaceCase175"/>
  <testcase name="waitForConfirmationCount" time="0.043" classname="com.cases.VicubeInterfaceCase175"/>
  <testcase name="confirmationedCount" time="0.032" classname="com.cases.VicubeInterfaceCase175"/>
  <testcase name="getWaitForConfirmationList" time="0.006" classname="com.cases.VicubeInterfaceCase175"/>
  <testcase name="getConfirmationedList" time="0.007" classname="com.cases.VicubeInterfaceCase175"/>
  <testcase name="getUrmpTreeByKeyFilter" time="1.67" classname="com.cases.VicubeInterfaceCase175"/>
  <testcase name="statisticAlertCountByStateCache" time="0.023" classname="com.cases.VicubeInterfaceCase175"/>
  <testcase name="queryIncidentType" time="0.014" classname="com.cases.VicubeInterfaceCase175"/>
  <testcase name="queryFullUserInfo" time="0.062" classname="com.cases.VicubeInterfaceCase175"/>
  <testcase name="getForwardTypeMap" time="0.012" classname="com.cases.VicubeInterfaceCase175"/>
  <testcase name="getGlobalModule" time="0.019" classname="com.cases.VicubeInterfaceCase175"/>
  <testcase name="countAlertFromCacheForHtmlData" time="0.021" classname="com.cases.VicubeInterfaceCase175"/>
  <testcase name="queryAlertFromCacheForHtmlData" time="1.038" classname="com.cases.VicubeInterfaceCase175"/>
  <testcase name="sendAlertClaimAction" time="0.022" classname="com.cases.VicubeInterfaceCase175"/>
  <testcase name="sendForwordAction" time="0.047" classname="com.cases.VicubeInterfaceCase175"/>
  <testcase name="sendAlertRecoverAction" time="0.022" classname="com.cases.VicubeInterfaceCase175"/>
  <testcase name="getNodeByName" time="0.663" classname="com.cases.VicubeInterfaceCase175"/>
  <testcase name="queryEvent" time="0.033" classname="com.cases.VicubeInterfaceCase175"/>
  <testcase name="queryActionLog" time="0.012" classname="com.cases.VicubeInterfaceCase175"/>
  <testcase name="getRelatedAlerts" time="0.014" classname="com.cases.VicubeInterfaceCase175"/>
  <testcase name="queryDataByCustomSql" time="0.014" classname="com.cases.VicubeInterfaceCase175"/>
  <testcase name="queryFromDbPage" time="0.465" classname="com.cases.VicubeInterfaceCase175"/>
  <testcase name="getPagesize" time="0.014" classname="com.cases.VicubeInterfaceCase175"/>
  <testcase name="queryForwardRecord" time="0.148" classname="com.cases.VicubeInterfaceCase175"/>
  <testcase name="getAllRules" time="0.099" classname="com.cases.VicubeInterfaceCase175"/>
  <testcase name="queryIncident" time="0.188" classname="com.cases.VicubeInterfaceCase175"/>
  <testcase name="getAlerts" time="0.017" classname="com.cases.VicubeInterfaceCase175"/>
  <testcase name="getAllRulesByString" time="0.015" classname="com.cases.VicubeInterfaceCase175"/>
  <testcase name="getDictValues" time="0.014" classname="com.cases.VicubeInterfaceCase175"/>
  <testcase name="getAllTags" time="0.01" classname="com.cases.VicubeInterfaceCase175"/>
  <testcase name="addAlertClassifyRule" time="0.018" classname="com.cases.VicubeInterfaceCase175"/>
  <testcase name="updateAlertClassifyRule" time="0.022" classname="com.cases.VicubeInterfaceCase175"/>
  <testcase name="removeRules" time="0.019" classname="com.cases.VicubeInterfaceCase175"/>
  <testcase name="enableRules" time="0.028" classname="com.cases.VicubeInterfaceCase175"/>
  <testcase name="disableRules" time="0.025" classname="com.cases.VicubeInterfaceCase175"/>
  <testcase name="getWarningTypeList" time="0.012" classname="com.cases.VicubeInterfaceCase175"/>
  <testcase name="insertWarningRule" time="0.017" classname="com.cases.VicubeInterfaceCase175"/>
  <testcase name="checkRuleInUse" time="0.011" classname="com.cases.VicubeInterfaceCase175"/>
  <testcase name="updateWarningRuleWithDynamic" time="0.013" classname="com.cases.VicubeInterfaceCase175"/>
  <testcase name="deleteWarningRule" time="0.015" classname="com.cases.VicubeInterfaceCase175"/>
  <testcase name="instanceServiceFindById" time="0.037" classname="com.cases.VicubeInterfaceCase175"/>
</testsuite> <!-- VicubeInterfaceTestCase -->
