<?xml version="1.0" encoding="UTF-8"?>
<testsuite xmlns:xsi="http://www.w3.org/2001/XMLSchema-instance" xsi:noNamespaceSchemaLocation="https://maven.apache.org/surefire/maven-surefire-plugin/xsd/surefire-test-report.xsd" name="TestSuite" time="21.799" tests="90" errors="0" skipped="0" failures="2">
  <properties>
[...]
</properties>
  <testcase name="queryUserInfo" classname="com.cases.VicubeInterfaceCase175" time="0.177"/>
  <testcase name="DoLogin" classname="com.cases.VicubeInterfaceCase175" time="0.094"/>
  <testcase name="getFunctionsByUserId" classname="com.cases.VicubeInterfaceCase175" time="0.024"/>
  <testcase name="queryAllObjectsByUserId" classname="com.cases.VicubeInterfaceCase175" time="0.043"/>
  <testcase name="getUserViewsByType" classname="com.cases.VicubeInterfaceCase175" time="0.013"/>
  <testcase name="getMyViewEntriesNoContent" classname="com.cases.VicubeInterfaceCase175" time="0.014"/>
  <testcase name="queryGroupInfoLike" classname="com.cases.VicubeInterfaceCase175" time="0.012"/>
  <testcase name="getAllDomains" classname="com.cases.VicubeInterfaceCase175" time="0.052"/>
  <testcase name="createGroup" classname="com.cases.VicubeInterfaceCase175" time="0.012"/>
  <testcase name="addView" classname="com.cases.VicubeInterfaceCase175" time="0.018"/>
  <testcase name="grantObjects2Group" classname="com.cases.VicubeInterfaceCase175" time="0.037"/>
  <testcase name="queryGroupInfo" classname="com.cases.VicubeInterfaceCase175" time="0.023"/>
  <testcase name="queryUsersByGroupId" classname="com.cases.VicubeInterfaceCase175" time="0.009"/>
  <testcase name="grantUsers2Group" classname="com.cases.VicubeInterfaceCase175" time="0.013"/>
  <testcase name="disableGroup" classname="com.cases.VicubeInterfaceCase175" time="0.012"/>
  <testcase name="getViewsExcludeKpiAndDeskTop" classname="com.cases.VicubeInterfaceCase175" time="0.96"/>
  <testcase name="deleteGroup" classname="com.cases.VicubeInterfaceCase175" time="0.022"/>
  <testcase name="getAllFunctions" classname="com.cases.VicubeInterfaceCase175" time="0.025"/>
  <testcase name="findByModelName" classname="com.cases.VicubeInterfaceCase175" time="0.045"/>
  <testcase name="queryObjectsByGroupId" classname="com.cases.VicubeInterfaceCase175" time="0.067"/>
  <testcase name="grantMenuAmoduleAview2User" classname="com.cases.VicubeInterfaceCase175" time="0.022"/>
  <testcase name="grantObjectsDomain" classname="com.cases.VicubeInterfaceCase175" time="0.016"/>
  <testcase name="queryUserInfo2" classname="com.cases.VicubeInterfaceCase175" time="0.012"/>
  <testcase name="queryAuditInfo" classname="com.cases.VicubeInterfaceCase175" time="0.139"/>
  <testcase name="insertBaseLinePolicy" classname="com.cases.VicubeInterfaceCase175" time="0.011"/>
  <testcase name="getBaseLinePolicyList" classname="com.cases.VicubeInterfaceCase175" time="0.012"/>
  <testcase name="updateBaseLinePolicy" classname="com.cases.VicubeInterfaceCase175" time="0.015"/>
  <testcase name="cleanBaseLinePolicy" classname="com.cases.VicubeInterfaceCase175" time="0.01"/>
  <testcase name="queryWarningRuleList" classname="com.cases.VicubeInterfaceCase175" time="0.047"/>
  <testcase name="getAllTypeNodes" classname="com.cases.VicubeInterfaceCase175" time="0.076"/>
  <testcase name="getAllMyNodesByTypeName" classname="com.cases.VicubeInterfaceCase175" time="0.811"/>
  <testcase name="getBaseLineDefList" classname="com.cases.VicubeInterfaceCase175" time="0.05"/>
  <testcase name="getKpiItemList" classname="com.cases.VicubeInterfaceCase175" time="0.023"/>
  <testcase name="getOneWarningRule" classname="com.cases.VicubeInterfaceCase175" time="0.01"/>
  <testcase name="checkBaseLineDef" classname="com.cases.VicubeInterfaceCase175" time="0.008"/>
  <testcase name="insertBaseLineDef" classname="com.cases.VicubeInterfaceCase175" time="0.024"/>
  <testcase name="updateBaseLineCalendarByBatch" classname="com.cases.VicubeInterfaceCase175" time="0.01"/>
  <testcase name="getBaseLineCalendarList" classname="com.cases.VicubeInterfaceCase175" time="0.016"/>
  <testcase name="cleanBaseLineDef" classname="com.cases.VicubeInterfaceCase175" time="0.008"/>
  <testcase name="findModelTree" classname="com.cases.VicubeInterfaceCase175" time="0.128"/>
  <testcase name="getEnums" classname="com.cases.VicubeInterfaceCase175" time="0.005"/>
  <testcase name="findInstanceByModelSortOrder" classname="com.cases.VicubeInterfaceCase175" time="0.009"/>
  <testcase name="find" classname="com.cases.VicubeInterfaceCase175" time="0.017"/>
  <testcase name="getAllDicts" classname="com.cases.VicubeInterfaceCase175" time="0.016"/>
  <testcase name="queryByFilter" classname="com.cases.VicubeInterfaceCase175" time="0.045"/>
  <testcase name="findAll" classname="com.cases.VicubeInterfaceCase175" time="6.802"/>
  <testcase name="findSelectTree" classname="com.cases.VicubeInterfaceCase175" time="0.103"/>
  <testcase name="queryByFilter2" classname="com.cases.VicubeInterfaceCase175" time="0.011"/>
  <testcase name="findByOperationTypeAndModelName" classname="com.cases.VicubeInterfaceCase175" time="0.005"/>
  <testcase name="findList" classname="com.cases.VicubeInterfaceCase175" time="0.006"/>
  <testcase name="add" classname="com.cases.VicubeInterfaceCase175" time="0.456"/>
  <testcase name="findByNameNotBuiltInAttr" classname="com.cases.VicubeInterfaceCase175" time="0.011"/>
  <testcase name="update" classname="com.cases.VicubeInterfaceCase175" time="0.471"/>
  <testcase name="remove" classname="com.cases.VicubeInterfaceCase175" time="0.489"/>
  <testcase name="relationAttributeServiceAdd" classname="com.cases.VicubeInterfaceCase175" time="0.046">
    <failure message="请求失败" type="java.lang.RuntimeException">java.lang.RuntimeException: 请求失败
	at com.cases.VicubeInterfaceCase175.relationAttributeServiceAdd(VicubeInterfaceCase175.java:486)
</failure>
    <system-out><![CDATA[2018-59-16 10:08:341 com.utils.LogFunction : 2018-08-16 10:59:52:Post请求URL:http://192.168.20.175:48080/urmp/api/rest/post/relationAttributeService/add
2018-59-16 10:08:342 com.utils.LogFunction : 2018-08-16 10:59:52:entity:[Content-Type: text/plain; charset=UTF-8,Content-Length: 288,Chunked: false]
2018-59-16 10:08:374 com.utils.LogFunction : 2018-08-16 10:59:52:请求失败:statusCode = 400
]]></system-out>
  </testcase>
  <testcase name="findById" classname="com.cases.VicubeInterfaceCase175" time="0.002">
    <failure message="Source string may not be null" type="java.lang.IllegalArgumentException">java.lang.IllegalArgumentException: Source string may not be null
	at com.cases.VicubeInterfaceCase175.findById(VicubeInterfaceCase175.java:496)
</failure>
    <system-out><![CDATA[2018-59-16 10:08:391 com.utils.LogFunction : 2018-08-16 10:59:52:Post请求URL:http://192.168.20.175:48080/urmp/api/rest/post/relationAttributeService/findById
]]></system-out>
  </testcase>
  <testcase name="removeBatch" classname="com.cases.VicubeInterfaceCase175" time="0.029"/>
  <testcase name="instanceHistoryServiceFind" classname="com.cases.VicubeInterfaceCase175" time="0.006"/>
  <testcase name="queryFilterByColorAdmin" classname="com.cases.VicubeInterfaceCase175" time="0.006"/>
  <testcase name="getDefulateValue" classname="com.cases.VicubeInterfaceCase175" time="0.01"/>
  <testcase name="queryInstanceByRelationPage" classname="com.cases.VicubeInterfaceCase175" time="0.122"/>
  <testcase name="validation" classname="com.cases.VicubeInterfaceCase175" time="0.006"/>
  <testcase name="instanceServiceAdd" classname="com.cases.VicubeInterfaceCase175" time="1.093"/>
  <testcase name="findByName" classname="com.cases.VicubeInterfaceCase175" time="0.012"/>
  <testcase name="findBySourceOrTarget_Label" classname="com.cases.VicubeInterfaceCase175" time="0.01"/>
  <testcase name="findBySourceOrTarget" classname="com.cases.VicubeInterfaceCase175" time="0.009"/>
  <testcase name="checkInstanceHasRelation" classname="com.cases.VicubeInterfaceCase175" time="0.006"/>
  <testcase name="instanceServiceUpdate" classname="com.cases.VicubeInterfaceCase175" time="0.721"/>
  <testcase name="checkRelation" classname="com.cases.VicubeInterfaceCase175" time="1.586"/>
  <testcase name="instanceServiceRemove" classname="com.cases.VicubeInterfaceCase175" time="0.327"/>
  <testcase name="waitForConfirmationCount" classname="com.cases.VicubeInterfaceCase175" time="0.011"/>
  <testcase name="confirmationedCount" classname="com.cases.VicubeInterfaceCase175" time="0.017"/>
  <testcase name="getWaitForConfirmationList" classname="com.cases.VicubeInterfaceCase175" time="0.005"/>
  <testcase name="getConfirmationedList" classname="com.cases.VicubeInterfaceCase175" time="0.007"/>
  <testcase name="getUrmpTreeByKeyFilter" classname="com.cases.VicubeInterfaceCase175" time="1.954"/>
  <testcase name="statisticAlertCountByStateCache" classname="com.cases.VicubeInterfaceCase175" time="0.036"/>
  <testcase name="queryIncidentType" classname="com.cases.VicubeInterfaceCase175" time="0.016"/>
  <testcase name="queryFullUserInfo" classname="com.cases.VicubeInterfaceCase175" time="0.461"/>
  <testcase name="getForwardTypeMap" classname="com.cases.VicubeInterfaceCase175" time="0.039"/>
  <testcase name="getGlobalModule" classname="com.cases.VicubeInterfaceCase175" time="0.014"/>
  <testcase name="countAlertFromCacheForHtmlData" classname="com.cases.VicubeInterfaceCase175" time="0.016"/>
  <testcase name="queryAlertFromCacheForHtmlData" classname="com.cases.VicubeInterfaceCase175" time="0.767"/>
  <testcase name="sendAlertClaimAction" classname="com.cases.VicubeInterfaceCase175" time="0.046"/>
  <testcase name="sendForwordAction" classname="com.cases.VicubeInterfaceCase175" time="0.021"/>
  <testcase name="sendAlertRecoverAction" classname="com.cases.VicubeInterfaceCase175" time="0.024"/>
  <testcase name="getNodeByName" classname="com.cases.VicubeInterfaceCase175" time="0.784"/>
  <testcase name="queryEvent" classname="com.cases.VicubeInterfaceCase175" time="0.02"/>
  <testcase name="queryActionLog" classname="com.cases.VicubeInterfaceCase175" time="0.014"/>
  <testcase name="getRelatedAlerts" classname="com.cases.VicubeInterfaceCase175" time="0.022"/>
  <testcase name="instanceServiceFindById" classname="com.cases.VicubeInterfaceCase175" time="0.013"/>
</testsuite>