<?xml version="1.0" encoding="UTF-8"?>
<!-- Generated by org.testng.reporters.JUnitXMLReporter -->
<testsuite hostname="LostYouth" ignored="36" name="Test3" tests="6" failures="0" timestamp="07 九月 2018 03:54:02 GMT" time="30.497" errors="0">
  <testcase name="vicubeLogin" time="3.24" classname="com.testcases.VicubeSystem"/>
  <testcase name="promptMessage" time="6.268" classname="com.testcases.VicubeSystem"/>
  <testcase name="systemSetting" time="1.452" classname="com.testcases.VicubeSystem"/>
  <testcase name="workingGroupManagement" time="1.11" classname="com.testcases.VicubeSystem"/>
  <testcase name="workingGroupManagementSelect" time="5.364" classname="com.testcases.VicubeSystem"/>
  <testcase name="userGroupDelete" time="3.5" classname="com.testcases.VicubeSystem"/>
  <testcase name="workingGroupAssignmentUser" time="0.0" classname="com.testcases.VicubeSystem">
    <ignored/>
  </testcase> <!-- workingGroupAssignmentUser -->
  <testcase name="userInvalidLogin" time="0.0" classname="com.testcases.VicubeSystem">
    <ignored/>
  </testcase> <!-- userInvalidLogin -->
  <testcase name="userEdit" time="0.0" classname="com.testcases.VicubeSystem">
    <ignored/>
  </testcase> <!-- userEdit -->
  <testcase name="userChangeState" time="0.0" classname="com.testcases.VicubeSystem">
    <ignored/>
  </testcase> <!-- userChangeState -->
  <testcase name="userDelete" time="0.0" classname="com.testcases.VicubeSystem">
    <ignored/>
  </testcase> <!-- userDelete -->
  <testcase name="refresh" time="0.0" classname="com.testcases.VicubeSystem">
    <ignored/>
  </testcase> <!-- refresh -->
  <testcase name="userSelect" time="0.0" classname="com.testcases.VicubeSystem">
    <ignored/>
  </testcase> <!-- userSelect -->
  <testcase name="userLogoutSystem" time="0.0" classname="com.testcases.VicubeSystem">
    <ignored/>
  </testcase> <!-- userLogoutSystem -->
  <testcase name="auditManagement" time="0.0" classname="com.testcases.VicubeSystem">
    <ignored/>
  </testcase> <!-- auditManagement -->
  <testcase name="workingGroupManagementEditSelect" time="0.0" classname="com.testcases.VicubeSystem">
    <ignored/>
  </testcase> <!-- workingGroupManagementEditSelect -->
  <testcase name="workingGroupManagementEdit" time="0.0" classname="com.testcases.VicubeSystem">
    <ignored/>
  </testcase> <!-- workingGroupManagementEdit -->
  <testcase name="userEditCancel" time="0.0" classname="com.testcases.VicubeSystem">
    <ignored/>
  </testcase> <!-- userEditCancel -->
  <testcase name="auditManagementSelect" time="0.0" classname="com.testcases.VicubeSystem">
    <ignored/>
  </testcase> <!-- auditManagementSelect -->
  <testcase name="alarmConfig" time="0.0" classname="com.testcases.VicubeSystem">
    <ignored/>
  </testcase> <!-- alarmConfig -->
  <testcase name="denoiseStrategy" time="0.0" classname="com.testcases.VicubeSystem">
    <ignored/>
  </testcase> <!-- denoiseStrategy -->
  <testcase name="clickSelectButton" time="0.0" classname="com.testcases.VicubeSystem">
    <ignored/>
  </testcase> <!-- clickSelectButton -->
  <testcase name="chooseUserButton" time="0.0" classname="com.testcases.VicubeSystem">
    <ignored/>
  </testcase> <!-- chooseUserButton -->
  <testcase name="userEditSaveSelect" time="0.0" classname="com.testcases.VicubeSystem">
    <ignored/>
  </testcase> <!-- userEditSaveSelect -->
  <testcase name="userCreateCancel" time="0.0" classname="com.testcases.VicubeSystem">
    <ignored/>
  </testcase> <!-- userCreateCancel -->
  <testcase name="alarmClassifyRulesCreate" time="0.0" classname="com.testcases.VicubeSystem">
    <ignored/>
  </testcase> <!-- alarmClassifyRulesCreate -->
  <testcase name="userLogin" time="0.0" classname="com.testcases.VicubeSystem">
    <ignored/>
  </testcase> <!-- userLogin -->
  <testcase name="workingGroupManagementGreate" time="0.0" classname="com.testcases.VicubeSystem">
    <ignored/>
  </testcase> <!-- workingGroupManagementGreate -->
  <testcase name="userManagementCreate" time="0.0" classname="com.testcases.VicubeSystem">
    <ignored/>
  </testcase> <!-- userManagementCreate -->
  <testcase name="userAllocationPrivilege" time="0.0" classname="com.testcases.VicubeSystem">
    <ignored/>
  </testcase> <!-- userAllocationPrivilege -->
  <testcase name="userResetPassword" time="0.0" classname="com.testcases.VicubeSystem">
    <ignored/>
  </testcase> <!-- userResetPassword -->
  <testcase name="workingGroupAssignmentManagement" time="0.0" classname="com.testcases.VicubeSystem">
    <ignored/>
  </testcase> <!-- workingGroupAssignmentManagement -->
  <testcase name="commonSave" time="0.0" classname="com.testcases.VicubeSystem">
    <ignored/>
  </testcase> <!-- commonSave -->
  <testcase name="userCreateSave" time="0.0" classname="com.testcases.VicubeSystem">
    <ignored/>
  </testcase> <!-- userCreateSave -->
  <testcase name="userViewConfig" time="0.0" classname="com.testcases.VicubeSystem">
    <ignored/>
  </testcase> <!-- userViewConfig -->
  <testcase name="userManagement" time="0.0" classname="com.testcases.VicubeSystem">
    <ignored/>
  </testcase> <!-- userManagement -->
  <testcase name="denoiseStrategySelect" time="0.0" classname="com.testcases.VicubeSystem">
    <ignored/>
  </testcase> <!-- denoiseStrategySelect -->
  <testcase name="userAllocationPrivilegeSave" time="0.0" classname="com.testcases.VicubeSystem">
    <ignored/>
  </testcase> <!-- userAllocationPrivilegeSave -->
  <testcase name="userAssignmentGroup" time="0.0" classname="com.testcases.VicubeSystem">
    <ignored/>
  </testcase> <!-- userAssignmentGroup -->
  <testcase name="editSave" time="0.0" classname="com.testcases.VicubeSystem">
    <ignored/>
  </testcase> <!-- editSave -->
  <testcase name="auditManagementViewLog" time="0.0" classname="com.testcases.VicubeSystem">
    <ignored/>
  </testcase> <!-- auditManagementViewLog -->
  <testcase name="concentratedAlarm" time="0.0" classname="com.testcases.VicubeSystem">
    <ignored/>
  </testcase> <!-- concentratedAlarm -->
</testsuite> <!-- Test3 -->
