<?xml version="1.0" encoding="UTF-8"?>
<!-- Generated by org.testng.reporters.JUnitXMLReporter -->
<testsuite hostname="LostYouth" ignored="31" name="用户管理：创建、筛选、编辑、分配权限" tests="12" failures="0" timestamp="07 九月 2018 06:29:29 GMT" time="49.414" errors="0">
  <testcase name="vicubeLogin" time="4.196" classname="com.testcases.VicubeSystem"/>
  <testcase name="promptMessage" time="6.296" classname="com.testcases.VicubeSystem"/>
  <testcase name="systemSetting" time="1.433" classname="com.testcases.VicubeSystem"/>
  <testcase name="userManagement" time="1.098" classname="com.testcases.VicubeSystem"/>
  <testcase name="userManagementCreate" time="5.089" classname="com.testcases.VicubeSystem"/>
  <testcase name="userCreateSave" time="1.772" classname="com.testcases.VicubeSystem"/>
  <testcase name="userSelect" time="3.882" classname="com.testcases.VicubeSystem"/>
  <testcase name="userEdit" time="4.055" classname="com.testcases.VicubeSystem"/>
  <testcase name="commonSave" time="1.774" classname="com.testcases.VicubeSystem"/>
  <testcase name="userEditSaveSelect" time="5.183" classname="com.testcases.VicubeSystem"/>
  <testcase name="userAllocationPrivilege" time="1.838" classname="com.testcases.VicubeSystem"/>
  <testcase name="userAllocationPrivilegeSave" time="1.753" classname="com.testcases.VicubeSystem"/>
  <testcase name="workingGroupAssignmentUser" time="0.0" classname="com.testcases.VicubeSystem">
    <ignored/>
  </testcase> <!-- workingGroupAssignmentUser -->
  <testcase name="userInvalidLogin" time="0.0" classname="com.testcases.VicubeSystem">
    <ignored/>
  </testcase> <!-- userInvalidLogin -->
  <testcase name="workingGroupManagementInvalidSelect" time="0.0" classname="com.testcases.VicubeSystem">
    <ignored/>
  </testcase> <!-- workingGroupManagementInvalidSelect -->
  <testcase name="userChangeState" time="0.0" classname="com.testcases.VicubeSystem">
    <ignored/>
  </testcase> <!-- userChangeState -->
  <testcase name="userDelete" time="0.0" classname="com.testcases.VicubeSystem">
    <ignored/>
  </testcase> <!-- userDelete -->
  <testcase name="refresh" time="0.0" classname="com.testcases.VicubeSystem">
    <ignored/>
  </testcase> <!-- refresh -->
  <testcase name="userLogoutSystem" time="0.0" classname="com.testcases.VicubeSystem">
    <ignored/>
  </testcase> <!-- userLogoutSystem -->
  <testcase name="auditManagement" time="0.0" classname="com.testcases.VicubeSystem">
    <ignored/>
  </testcase> <!-- auditManagement -->
  <testcase name="workingGroupManagementEditSelect" time="0.0" classname="com.testcases.VicubeSystem">
    <ignored/>
  </testcase> <!-- workingGroupManagementEditSelect -->
  <testcase name="workingGroupManagementEdit" time="0.0" classname="com.testcases.VicubeSystem">
    <ignored/>
  </testcase> <!-- workingGroupManagementEdit -->
  <testcase name="userEditCancel" time="0.0" classname="com.testcases.VicubeSystem">
    <ignored/>
  </testcase> <!-- userEditCancel -->
  <testcase name="auditManagementSelect" time="0.0" classname="com.testcases.VicubeSystem">
    <ignored/>
  </testcase> <!-- auditManagementSelect -->
  <testcase name="alarmConfig" time="0.0" classname="com.testcases.VicubeSystem">
    <ignored/>
  </testcase> <!-- alarmConfig -->
  <testcase name="denoiseStrategy" time="0.0" classname="com.testcases.VicubeSystem">
    <ignored/>
  </testcase> <!-- denoiseStrategy -->
  <testcase name="workingGroupManagementSelect" time="0.0" classname="com.testcases.VicubeSystem">
    <ignored/>
  </testcase> <!-- workingGroupManagementSelect -->
  <testcase name="clickSelectButton" time="0.0" classname="com.testcases.VicubeSystem">
    <ignored/>
  </testcase> <!-- clickSelectButton -->
  <testcase name="chooseUserButton" time="0.0" classname="com.testcases.VicubeSystem">
    <ignored/>
  </testcase> <!-- chooseUserButton -->
  <testcase name="userCreateCancel" time="0.0" classname="com.testcases.VicubeSystem">
    <ignored/>
  </testcase> <!-- userCreateCancel -->
  <testcase name="alarmClassifyRulesCreate" time="0.0" classname="com.testcases.VicubeSystem">
    <ignored/>
  </testcase> <!-- alarmClassifyRulesCreate -->
  <testcase name="userLogin" time="0.0" classname="com.testcases.VicubeSystem">
    <ignored/>
  </testcase> <!-- userLogin -->
  <testcase name="workingGroupManagement" time="0.0" classname="com.testcases.VicubeSystem">
    <ignored/>
  </testcase> <!-- workingGroupManagement -->
  <testcase name="workingGroupManagementGreate" time="0.0" classname="com.testcases.VicubeSystem">
    <ignored/>
  </testcase> <!-- workingGroupManagementGreate -->
  <testcase name="userGroupDelete" time="0.0" classname="com.testcases.VicubeSystem">
    <ignored/>
  </testcase> <!-- userGroupDelete -->
  <testcase name="userResetPassword" time="0.0" classname="com.testcases.VicubeSystem">
    <ignored/>
  </testcase> <!-- userResetPassword -->
  <testcase name="workingGroupAssignmentManagement" time="0.0" classname="com.testcases.VicubeSystem">
    <ignored/>
  </testcase> <!-- workingGroupAssignmentManagement -->
  <testcase name="userViewConfig" time="0.0" classname="com.testcases.VicubeSystem">
    <ignored/>
  </testcase> <!-- userViewConfig -->
  <testcase name="denoiseStrategySelect" time="0.0" classname="com.testcases.VicubeSystem">
    <ignored/>
  </testcase> <!-- denoiseStrategySelect -->
  <testcase name="userAssignmentGroup" time="0.0" classname="com.testcases.VicubeSystem">
    <ignored/>
  </testcase> <!-- userAssignmentGroup -->
  <testcase name="editSave" time="0.0" classname="com.testcases.VicubeSystem">
    <ignored/>
  </testcase> <!-- editSave -->
  <testcase name="auditManagementViewLog" time="0.0" classname="com.testcases.VicubeSystem">
    <ignored/>
  </testcase> <!-- auditManagementViewLog -->
  <testcase name="concentratedAlarm" time="0.0" classname="com.testcases.VicubeSystem">
    <ignored/>
  </testcase> <!-- concentratedAlarm -->
</testsuite> <!-- 用户管理：创建、筛选、编辑、分配权限 -->
