<?xml version="1.0" encoding="UTF-8"?>
<!-- Generated by org.testng.reporters.JUnitXMLReporter -->
<testsuite hostname="LostYouth" ignored="208" name="审计管理：查看、筛选" tests="6" failures="0" timestamp="25 十月 2018 11:03:47 GMT" time="30.7" errors="0">
  <testcase name="vicubeLogin" time="7.865" classname="com.testcases.VicubeSystem"/>
  <testcase name="promptMessage" time="4.146" classname="com.testcases.VicubeSystem"/>
  <testcase name="systemSetting" time="1.147" classname="com.testcases.VicubeSystem"/>
  <testcase name="auditManagement" time="1.131" classname="com.testcases.VicubeSystem"/>
  <testcase name="auditManagementViewLog" time="1.984" classname="com.testcases.VicubeSystem"/>
  <testcase name="auditManagementSelect" time="4.439" classname="com.testcases.VicubeSystem"/>
  <testcase name="alarmInformAlarmScreenEditSelect1" time="0.0" classname="com.testcases.VicubeSystem">
    <ignored/>
  </testcase> <!-- alarmInformAlarmScreenEditSelect1 -->
  <testcase name="alarmDisplayViewCancel" time="0.0" classname="com.testcases.VicubeSystem">
    <ignored/>
  </testcase> <!-- alarmDisplayViewCancel -->
  <testcase name="userChangeState" time="0.0" classname="com.testcases.VicubeSystem">
    <ignored/>
  </testcase> <!-- userChangeState -->
  <testcase name="userSelect" time="0.0" classname="com.testcases.VicubeSystem">
    <ignored/>
  </testcase> <!-- userSelect -->
  <testcase name="forwardShiftingRecodingSelect" time="0.0" classname="com.testcases.VicubeSystem">
    <ignored/>
  </testcase> <!-- forwardShiftingRecodingSelect -->
  <testcase name="workingGroupManagementEdit" time="0.0" classname="com.testcases.VicubeSystem">
    <ignored/>
  </testcase> <!-- workingGroupManagementEdit -->
  <testcase name="workingGroupManagementEditSelect" time="0.0" classname="com.testcases.VicubeSystem">
    <ignored/>
  </testcase> <!-- workingGroupManagementEditSelect -->
  <testcase name="alarmDisplayColumnSettingAllChoose" time="0.0" classname="com.testcases.VicubeSystem">
    <ignored/>
  </testcase> <!-- alarmDisplayColumnSettingAllChoose -->
  <testcase name="alarmDisplayForwardShiftingClick1" time="0.0" classname="com.testcases.VicubeSystem">
    <ignored/>
  </testcase> <!-- alarmDisplayForwardShiftingClick1 -->
  <testcase name="denoiseStrategyAlarmMergeRulesSelectVerify" time="0.0" classname="com.testcases.VicubeSystem">
    <ignored/>
  </testcase> <!-- denoiseStrategyAlarmMergeRulesSelectVerify -->
  <testcase name="alarmDisplayResolvedAlarm" time="0.0" classname="com.testcases.VicubeSystem">
    <ignored/>
  </testcase> <!-- alarmDisplayResolvedAlarm -->
  <testcase name="concentrateAlarmAlarmInformInformWayCreateSelect" time="0.0" classname="com.testcases.VicubeSystem">
    <ignored/>
  </testcase> <!-- concentrateAlarmAlarmInformInformWayCreateSelect -->
  <testcase name="denoiseStrategyAlarmMergeRulesEditSelect" time="0.0" classname="com.testcases.VicubeSystem">
    <ignored/>
  </testcase> <!-- denoiseStrategyAlarmMergeRulesEditSelect -->
  <testcase name="concentrateAlarmAlarmInformInformWayEdit" time="0.0" classname="com.testcases.VicubeSystem">
    <ignored/>
  </testcase> <!-- concentrateAlarmAlarmInformInformWayEdit -->
  <testcase name="alarmDisplayForwardShiftingAlarm" time="0.0" classname="com.testcases.VicubeSystem">
    <ignored/>
  </testcase> <!-- alarmDisplayForwardShiftingAlarm -->
  <testcase name="alarmClassifyRulesEditRulesConditionAdvancedSetting" time="0.0" classname="com.testcases.VicubeSystem">
    <ignored/>
  </testcase> <!-- alarmClassifyRulesEditRulesConditionAdvancedSetting -->
  <testcase name="denoiseStrategyAlarmUpgradeRulesEditSelect" time="0.0" classname="com.testcases.VicubeSystem">
    <ignored/>
  </testcase> <!-- denoiseStrategyAlarmUpgradeRulesEditSelect -->
  <testcase name="alarmScreenCreateRulesConditionSetting" time="0.0" classname="com.testcases.VicubeSystem">
    <ignored/>
  </testcase> <!-- alarmScreenCreateRulesConditionSetting -->
  <testcase name="chooseUserButton" time="0.0" classname="com.testcases.VicubeSystem">
    <ignored/>
  </testcase> <!-- chooseUserButton -->
  <testcase name="alarmRecoveryRulesEditBasicSetting" time="0.0" classname="com.testcases.VicubeSystem">
    <ignored/>
  </testcase> <!-- alarmRecoveryRulesEditBasicSetting -->
  <testcase name="denoiseStrategyChooseAlarmUpgradeRules" time="0.0" classname="com.testcases.VicubeSystem">
    <ignored/>
  </testcase> <!-- denoiseStrategyChooseAlarmUpgradeRules -->
  <testcase name="concentrateAlarmAlarmInform" time="0.0" classname="com.testcases.VicubeSystem">
    <ignored/>
  </testcase> <!-- concentrateAlarmAlarmInform -->
  <testcase name="alarmRecoveryRulesCreateRulesConditionAdvancedSetting" time="0.0" classname="com.testcases.VicubeSystem">
    <ignored/>
  </testcase> <!-- alarmRecoveryRulesCreateRulesConditionAdvancedSetting -->
  <testcase name="denoiseStrategyAlarmClassifyRulesEditSelect" time="0.0" classname="com.testcases.VicubeSystem">
    <ignored/>
  </testcase> <!-- denoiseStrategyAlarmClassifyRulesEditSelect -->
  <testcase name="denoiseStrategyalarmRecoveryRulesEditSelectVerify" time="0.0" classname="com.testcases.VicubeSystem">
    <ignored/>
  </testcase> <!-- denoiseStrategyalarmRecoveryRulesEditSelectVerify -->
  <testcase name="alarmScreenCreatSelectVerify" time="0.0" classname="com.testcases.VicubeSystem">
    <ignored/>
  </testcase> <!-- alarmScreenCreatSelectVerify -->
  <testcase name="commonSave" time="0.0" classname="com.testcases.VicubeSystem">
    <ignored/>
  </testcase> <!-- commonSave -->
  <testcase name="userViewConfig" time="0.0" classname="com.testcases.VicubeSystem">
    <ignored/>
  </testcase> <!-- userViewConfig -->
  <testcase name="concentrateAlarmAlarmInformAlarmScreen" time="0.0" classname="com.testcases.VicubeSystem">
    <ignored/>
  </testcase> <!-- concentrateAlarmAlarmInformAlarmScreen -->
  <testcase name="alarmSelectNotifyRecordQuery" time="0.0" classname="com.testcases.VicubeSystem">
    <ignored/>
  </testcase> <!-- alarmSelectNotifyRecordQuery -->
  <testcase name="alarmMergeRulesCreateRulesConditionAdvancedSetting" time="0.0" classname="com.testcases.VicubeSystem">
    <ignored/>
  </testcase> <!-- alarmMergeRulesCreateRulesConditionAdvancedSetting -->
  <testcase name="userEditSaveSelect1" time="0.0" classname="com.testcases.VicubeSystem">
    <ignored/>
  </testcase> <!-- userEditSaveSelect1 -->
  <testcase name="alarmClassifyRulesCreateAlarmClassifySetting" time="0.0" classname="com.testcases.VicubeSystem">
    <ignored/>
  </testcase> <!-- alarmClassifyRulesCreateAlarmClassifySetting -->
  <testcase name="workingGroupAssignmentUser" time="0.0" classname="com.testcases.VicubeSystem">
    <ignored/>
  </testcase> <!-- workingGroupAssignmentUser -->
  <testcase name="verifyMenuSystemManagement" time="0.0" classname="com.testcases.VicubeSystem">
    <ignored/>
  </testcase> <!-- verifyMenuSystemManagement -->
  <testcase name="userEdit" time="0.0" classname="com.testcases.VicubeSystem">
    <ignored/>
  </testcase> <!-- userEdit -->
  <testcase name="alarmSelectNotifyRecordView" time="0.0" classname="com.testcases.VicubeSystem">
    <ignored/>
  </testcase> <!-- alarmSelectNotifyRecordView -->
  <testcase name="receiveGroupingQuery" time="0.0" classname="com.testcases.VicubeSystem">
    <ignored/>
  </testcase> <!-- receiveGroupingQuery -->
  <testcase name="alarmDisplayExportButton" time="0.0" classname="com.testcases.VicubeSystem">
    <ignored/>
  </testcase> <!-- alarmDisplayExportButton -->
  <testcase name="denoiseStrategyAlarmUpgradeRulesDeleteAndSelectVerify" time="0.0" classname="com.testcases.VicubeSystem">
    <ignored/>
  </testcase> <!-- denoiseStrategyAlarmUpgradeRulesDeleteAndSelectVerify -->
  <testcase name="alarmConfigWarningStrategyEdit" time="0.0" classname="com.testcases.VicubeSystem">
    <ignored/>
  </testcase> <!-- alarmConfigWarningStrategyEdit -->
  <testcase name="alarmDisplayIgnoreAlarm" time="0.0" classname="com.testcases.VicubeSystem">
    <ignored/>
  </testcase> <!-- alarmDisplayIgnoreAlarm -->
  <testcase name="denoiseStrategy" time="0.0" classname="com.testcases.VicubeSystem">
    <ignored/>
  </testcase> <!-- denoiseStrategy -->
  <testcase name="alarmClassifyRulesEditRulesConditionSetting" time="0.0" classname="com.testcases.VicubeSystem">
    <ignored/>
  </testcase> <!-- alarmClassifyRulesEditRulesConditionSetting -->
  <testcase name="alarmDisplayRelevanceAlarm" time="0.0" classname="com.testcases.VicubeSystem">
    <ignored/>
  </testcase> <!-- alarmDisplayRelevanceAlarm -->
  <testcase name="alarmConfigWarningStrategyDelete" time="0.0" classname="com.testcases.VicubeSystem">
    <ignored/>
  </testcase> <!-- alarmConfigWarningStrategyDelete -->
  <testcase name="alarmDisplayResolvedButton" time="0.0" classname="com.testcases.VicubeSystem">
    <ignored/>
  </testcase> <!-- alarmDisplayResolvedButton -->
  <testcase name="alarmMergeRulesEditAlarmMergeSetting" time="0.0" classname="com.testcases.VicubeSystem">
    <ignored/>
  </testcase> <!-- alarmMergeRulesEditAlarmMergeSetting -->
  <testcase name="alarmDisplayViewForwardShifting" time="0.0" classname="com.testcases.VicubeSystem">
    <ignored/>
  </testcase> <!-- alarmDisplayViewForwardShifting -->
  <testcase name="workingGroupManagementSelect" time="0.0" classname="com.testcases.VicubeSystem">
    <ignored/>
  </testcase> <!-- workingGroupManagementSelect -->
  <testcase name="alarmDisplaySelect" time="0.0" classname="com.testcases.VicubeSystem">
    <ignored/>
  </testcase> <!-- alarmDisplaySelect -->
  <testcase name="alarmScreenEditBasicSetting" time="0.0" classname="com.testcases.VicubeSystem">
    <ignored/>
  </testcase> <!-- alarmScreenEditBasicSetting -->
  <testcase name="alarmDisplayResolvedOfResolved" time="0.0" classname="com.testcases.VicubeSystem">
    <ignored/>
  </testcase> <!-- alarmDisplayResolvedOfResolved -->
  <testcase name="alarmRecoveryRulesEditAlarmClassifySetting" time="0.0" classname="com.testcases.VicubeSystem">
    <ignored/>
  </testcase> <!-- alarmRecoveryRulesEditAlarmClassifySetting -->
  <testcase name="workingGroupManagement" time="0.0" classname="com.testcases.VicubeSystem">
    <ignored/>
  </testcase> <!-- workingGroupManagement -->
  <testcase name="userGroupDelete" time="0.0" classname="com.testcases.VicubeSystem">
    <ignored/>
  </testcase> <!-- userGroupDelete -->
  <testcase name="thresholdStrategyDelete" time="0.0" classname="com.testcases.VicubeSystem">
    <ignored/>
  </testcase> <!-- thresholdStrategyDelete -->
  <testcase name="alarmQueryHistoryAlarmForwardShiftingMode2" time="0.0" classname="com.testcases.VicubeSystem">
    <ignored/>
  </testcase> <!-- alarmQueryHistoryAlarmForwardShiftingMode2 -->
  <testcase name="alarmScreenCreateBasicSetting" time="0.0" classname="com.testcases.VicubeSystem">
    <ignored/>
  </testcase> <!-- alarmScreenCreateBasicSetting -->
  <testcase name="workingGroupAssignmentManagement" time="0.0" classname="com.testcases.VicubeSystem">
    <ignored/>
  </testcase> <!-- workingGroupAssignmentManagement -->
  <testcase name="alarmDisplayResolvedButton3" time="0.0" classname="com.testcases.VicubeSystem">
    <ignored/>
  </testcase> <!-- alarmDisplayResolvedButton3 -->
  <testcase name="concentrateAlarmAlarmInformInformWayCreateRelatedAlarm" time="0.0" classname="com.testcases.VicubeSystem">
    <ignored/>
  </testcase> <!-- concentrateAlarmAlarmInformInformWayCreateRelatedAlarm -->
  <testcase name="alarmMergeRulesEditBasicSetting" time="0.0" classname="com.testcases.VicubeSystem">
    <ignored/>
  </testcase> <!-- alarmMergeRulesEditBasicSetting -->
  <testcase name="concentrateAlarmAlarmInformInformWay" time="0.0" classname="com.testcases.VicubeSystem">
    <ignored/>
  </testcase> <!-- concentrateAlarmAlarmInformInformWay -->
  <testcase name="alarmDisplayViewOtherInformation" time="0.0" classname="com.testcases.VicubeSystem">
    <ignored/>
  </testcase> <!-- alarmDisplayViewOtherInformation -->
  <testcase name="alarmScreenEditAlarmClassifySetting" time="0.0" classname="com.testcases.VicubeSystem">
    <ignored/>
  </testcase> <!-- alarmScreenEditAlarmClassifySetting -->
  <testcase name="alarmInformAlarmScreenEditSelect" time="0.0" classname="com.testcases.VicubeSystem">
    <ignored/>
  </testcase> <!-- alarmInformAlarmScreenEditSelect -->
  <testcase name="alarmDisplayResolvedButton2" time="0.0" classname="com.testcases.VicubeSystem">
    <ignored/>
  </testcase> <!-- alarmDisplayResolvedButton2 -->
  <testcase name="denoiseStrategyAlarmUpgradeRulesEditSelectVerify" time="0.0" classname="com.testcases.VicubeSystem">
    <ignored/>
  </testcase> <!-- denoiseStrategyAlarmUpgradeRulesEditSelectVerify -->
  <testcase name="alarmClassifyRulesCreateRulesConditionAdvancedSetting" time="0.0" classname="com.testcases.VicubeSystem">
    <ignored/>
  </testcase> <!-- alarmClassifyRulesCreateRulesConditionAdvancedSetting -->
  <testcase name="receiveGroupingEditQuery" time="0.0" classname="com.testcases.VicubeSystem">
    <ignored/>
  </testcase> <!-- receiveGroupingEditQuery -->
  <testcase name="alarmQueryHistoryAlarmSelect" time="0.0" classname="com.testcases.VicubeSystem">
    <ignored/>
  </testcase> <!-- alarmQueryHistoryAlarmSelect -->
  <testcase name="alarmInformAlarmScreenBlockUp" time="0.0" classname="com.testcases.VicubeSystem">
    <ignored/>
  </testcase> <!-- alarmInformAlarmScreenBlockUp -->
  <testcase name="alarmDisplayResolvedOfIgnore" time="0.0" classname="com.testcases.VicubeSystem">
    <ignored/>
  </testcase> <!-- alarmDisplayResolvedOfIgnore -->
  <testcase name="alarmDisplayResolvedOfIgnoreHintConfirm" time="0.0" classname="com.testcases.VicubeSystem">
    <ignored/>
  </testcase> <!-- alarmDisplayResolvedOfIgnoreHintConfirm -->
  <testcase name="receiveGroupingDeleteQuery" time="0.0" classname="com.testcases.VicubeSystem">
    <ignored/>
  </testcase> <!-- receiveGroupingDeleteQuery -->
  <testcase name="alarmDisplayViewResolvedOfResolvedHintConfirm" time="0.0" classname="com.testcases.VicubeSystem">
    <ignored/>
  </testcase> <!-- alarmDisplayViewResolvedOfResolvedHintConfirm -->
  <testcase name="concentrateAlarmAlarmSelectForwardShiftingRecording" time="0.0" classname="com.testcases.VicubeSystem">
    <ignored/>
  </testcase> <!-- concentrateAlarmAlarmSelectForwardShiftingRecording -->
  <testcase name="denoiseStrategyChooseAlarmClassifyRules" time="0.0" classname="com.testcases.VicubeSystem">
    <ignored/>
  </testcase> <!-- denoiseStrategyChooseAlarmClassifyRules -->
  <testcase name="denoiseStrategyChooseAlarmMergeRules" time="0.0" classname="com.testcases.VicubeSystem">
    <ignored/>
  </testcase> <!-- denoiseStrategyChooseAlarmMergeRules -->
  <testcase name="alarmClassifyRulesEditBasicSetting" time="0.0" classname="com.testcases.VicubeSystem">
    <ignored/>
  </testcase> <!-- alarmClassifyRulesEditBasicSetting -->
  <testcase name="alarmScreenEditRulesConditionAdvancedSetting" time="0.0" classname="com.testcases.VicubeSystem">
    <ignored/>
  </testcase> <!-- alarmScreenEditRulesConditionAdvancedSetting -->
  <testcase name="concentrateAlarmAlarmInformReceiveGrouping" time="0.0" classname="com.testcases.VicubeSystem">
    <ignored/>
  </testcase> <!-- concentrateAlarmAlarmInformReceiveGrouping -->
  <testcase name="alarmRulesBlockUp" time="0.0" classname="com.testcases.VicubeSystem">
    <ignored/>
  </testcase> <!-- alarmRulesBlockUp -->
  <testcase name="alarmDisplayResolvedOfResolvedHintConfirm" time="0.0" classname="com.testcases.VicubeSystem">
    <ignored/>
  </testcase> <!-- alarmDisplayResolvedOfResolvedHintConfirm -->
  <testcase name="concentrateAlarmAlarmInformInformWayDelete" time="0.0" classname="com.testcases.VicubeSystem">
    <ignored/>
  </testcase> <!-- concentrateAlarmAlarmInformInformWayDelete -->
  <testcase name="alarmMergeRulesEditRulesConditionSetting" time="0.0" classname="com.testcases.VicubeSystem">
    <ignored/>
  </testcase> <!-- alarmMergeRulesEditRulesConditionSetting -->
  <testcase name="alarmConfigWarningStrategy" time="0.0" classname="com.testcases.VicubeSystem">
    <ignored/>
  </testcase> <!-- alarmConfigWarningStrategy -->
  <testcase name="alarmDisplayViewMultitermHint" time="0.0" classname="com.testcases.VicubeSystem">
    <ignored/>
  </testcase> <!-- alarmDisplayViewMultitermHint -->
  <testcase name="alarmUpgradeRulesCreateAlarmUpgradeSetting" time="0.0" classname="com.testcases.VicubeSystem">
    <ignored/>
  </testcase> <!-- alarmUpgradeRulesCreateAlarmUpgradeSetting -->
  <testcase name="receiveGroupingEdit" time="0.0" classname="com.testcases.VicubeSystem">
    <ignored/>
  </testcase> <!-- receiveGroupingEdit -->
  <testcase name="alarmDisplayForwardShiftingHintConfirm1" time="0.0" classname="com.testcases.VicubeSystem">
    <ignored/>
  </testcase> <!-- alarmDisplayForwardShiftingHintConfirm1 -->
  <testcase name="denoiseStrategyAlarmRecoveryRulesDeleteAndSelectVerify" time="0.0" classname="com.testcases.VicubeSystem">
    <ignored/>
  </testcase> <!-- denoiseStrategyAlarmRecoveryRulesDeleteAndSelectVerify -->
  <testcase name="receiveGroupingDelete" time="0.0" classname="com.testcases.VicubeSystem">
    <ignored/>
  </testcase> <!-- receiveGroupingDelete -->
  <testcase name="concentrateAlarmAlarmInformInformWayEditSelect" time="0.0" classname="com.testcases.VicubeSystem">
    <ignored/>
  </testcase> <!-- concentrateAlarmAlarmInformInformWayEditSelect -->
  <testcase name="alarmQueryHistoryAlarmForwardShifting" time="0.0" classname="com.testcases.VicubeSystem">
    <ignored/>
  </testcase> <!-- alarmQueryHistoryAlarmForwardShifting -->
  <testcase name="alarmScreenCreateAlarmUpgradeSetting" time="0.0" classname="com.testcases.VicubeSystem">
    <ignored/>
  </testcase> <!-- alarmScreenCreateAlarmUpgradeSetting -->
  <testcase name="alarmDisplayViewResolved2" time="0.0" classname="com.testcases.VicubeSystem">
    <ignored/>
  </testcase> <!-- alarmDisplayViewResolved2 -->
  <testcase name="alarmDisplayViewForwardShiftingHintConfirm" time="0.0" classname="com.testcases.VicubeSystem">
    <ignored/>
  </testcase> <!-- alarmDisplayViewForwardShiftingHintConfirm -->
  <testcase name="concentrateAlarmAlarmInformInformWayCreate" time="0.0" classname="com.testcases.VicubeSystem">
    <ignored/>
  </testcase> <!-- concentrateAlarmAlarmInformInformWayCreate -->
  <testcase name="alarmClassifyRulesCreateBasicSetting" time="0.0" classname="com.testcases.VicubeSystem">
    <ignored/>
  </testcase> <!-- alarmClassifyRulesCreateBasicSetting -->
  <testcase name="denoiseStrategyAlarmRecoveryRulesEditSelect" time="0.0" classname="com.testcases.VicubeSystem">
    <ignored/>
  </testcase> <!-- denoiseStrategyAlarmRecoveryRulesEditSelect -->
  <testcase name="alarmDisplayChooseFunction" time="0.0" classname="com.testcases.VicubeSystem">
    <ignored/>
  </testcase> <!-- alarmDisplayChooseFunction -->
  <testcase name="alarmDisplayInformClick1" time="0.0" classname="com.testcases.VicubeSystem">
    <ignored/>
  </testcase> <!-- alarmDisplayInformClick1 -->
  <testcase name="denoiseStrategyAlarmMergeRulesEditSelectVerify" time="0.0" classname="com.testcases.VicubeSystem">
    <ignored/>
  </testcase> <!-- denoiseStrategyAlarmMergeRulesEditSelectVerify -->
  <testcase name="alarmUpgradeRulesCreateBasicSetting" time="0.0" classname="com.testcases.VicubeSystem">
    <ignored/>
  </testcase> <!-- alarmUpgradeRulesCreateBasicSetting -->
  <testcase name="alarmUpgradeRulesCreateRulesConditionAdvancedSetting" time="0.0" classname="com.testcases.VicubeSystem">
    <ignored/>
  </testcase> <!-- alarmUpgradeRulesCreateRulesConditionAdvancedSetting -->
  <testcase name="alarmClassifyRulesEditAlarmClassifySetting" time="0.0" classname="com.testcases.VicubeSystem">
    <ignored/>
  </testcase> <!-- alarmClassifyRulesEditAlarmClassifySetting -->
  <testcase name="alarmScreenEditRulesConditionSetting" time="0.0" classname="com.testcases.VicubeSystem">
    <ignored/>
  </testcase> <!-- alarmScreenEditRulesConditionSetting -->
  <testcase name="receiveGroupingNewGrouping" time="0.0" classname="com.testcases.VicubeSystem">
    <ignored/>
  </testcase> <!-- receiveGroupingNewGrouping -->
  <testcase name="menuModle" time="0.0" classname="com.testcases.VicubeSystem">
    <ignored/>
  </testcase> <!-- menuModle -->
  <testcase name="alarmDisplayResolvedOfClearMemory" time="0.0" classname="com.testcases.VicubeSystem">
    <ignored/>
  </testcase> <!-- alarmDisplayResolvedOfClearMemory -->
  <testcase name="userDelete" time="0.0" classname="com.testcases.VicubeSystem">
    <ignored/>
  </testcase> <!-- userDelete -->
  <testcase name="userLogoutSystem" time="0.0" classname="com.testcases.VicubeSystem">
    <ignored/>
  </testcase> <!-- userLogoutSystem -->
  <testcase name="alarmUpgradeRulesEditBasicSetting" time="0.0" classname="com.testcases.VicubeSystem">
    <ignored/>
  </testcase> <!-- alarmUpgradeRulesEditBasicSetting -->
  <testcase name="alarmMergeRulesEditRulesConditionAdvancedSetting" time="0.0" classname="com.testcases.VicubeSystem">
    <ignored/>
  </testcase> <!-- alarmMergeRulesEditRulesConditionAdvancedSetting -->
  <testcase name="denoiseStrategyAlarmRecoveryRulesSelectVerify" time="0.0" classname="com.testcases.VicubeSystem">
    <ignored/>
  </testcase> <!-- denoiseStrategyAlarmRecoveryRulesSelectVerify -->
  <testcase name="concentrateAlarmAlarmSelectNotifyRecord" time="0.0" classname="com.testcases.VicubeSystem">
    <ignored/>
  </testcase> <!-- concentrateAlarmAlarmSelectNotifyRecord -->
  <testcase name="alarmDisplayPendingAlarm" time="0.0" classname="com.testcases.VicubeSystem">
    <ignored/>
  </testcase> <!-- alarmDisplayPendingAlarm -->
  <testcase name="alarmScreenEditSelectVerify" time="0.0" classname="com.testcases.VicubeSystem">
    <ignored/>
  </testcase> <!-- alarmScreenEditSelectVerify -->
  <testcase name="alarmDisplayView" time="0.0" classname="com.testcases.VicubeSystem">
    <ignored/>
  </testcase> <!-- alarmDisplayView -->
  <testcase name="userManagementCreate" time="0.0" classname="com.testcases.VicubeSystem">
    <ignored/>
  </testcase> <!-- userManagementCreate -->
  <testcase name="workingGroupManagementGreate" time="0.0" classname="com.testcases.VicubeSystem">
    <ignored/>
  </testcase> <!-- workingGroupManagementGreate -->
  <testcase name="alarmDisplayChooseFunction2" time="0.0" classname="com.testcases.VicubeSystem">
    <ignored/>
  </testcase> <!-- alarmDisplayChooseFunction2 -->
  <testcase name="alarmDisplayChooseFunction4" time="0.0" classname="com.testcases.VicubeSystem">
    <ignored/>
  </testcase> <!-- alarmDisplayChooseFunction4 -->
  <testcase name="alarmDisplayChooseFunction1" time="0.0" classname="com.testcases.VicubeSystem">
    <ignored/>
  </testcase> <!-- alarmDisplayChooseFunction1 -->
  <testcase name="alarmDisplayChooseFunction3" time="0.0" classname="com.testcases.VicubeSystem">
    <ignored/>
  </testcase> <!-- alarmDisplayChooseFunction3 -->
  <testcase name="alarmInformAlarmScreenStartUsing" time="0.0" classname="com.testcases.VicubeSystem">
    <ignored/>
  </testcase> <!-- alarmInformAlarmScreenStartUsing -->
  <testcase name="alarmDisplayAlarmsNumber" time="0.0" classname="com.testcases.VicubeSystem">
    <ignored/>
  </testcase> <!-- alarmDisplayAlarmsNumber -->
  <testcase name="forwardShiftingRecodingViewCancel" time="0.0" classname="com.testcases.VicubeSystem">
    <ignored/>
  </testcase> <!-- forwardShiftingRecodingViewCancel -->
  <testcase name="alarmDisplay" time="0.0" classname="com.testcases.VicubeSystem">
    <ignored/>
  </testcase> <!-- alarmDisplay -->
  <testcase name="denoiseStrategyAlarmClassifyRulesEditSelectVerify" time="0.0" classname="com.testcases.VicubeSystem">
    <ignored/>
  </testcase> <!-- denoiseStrategyAlarmClassifyRulesEditSelectVerify -->
  <testcase name="alarmDisplayForwardShiftingHintConfirm" time="0.0" classname="com.testcases.VicubeSystem">
    <ignored/>
  </testcase> <!-- alarmDisplayForwardShiftingHintConfirm -->
  <testcase name="denoiseStrategyAlarmMergeRulesEditDeleteAndSelectVerify" time="0.0" classname="com.testcases.VicubeSystem">
    <ignored/>
  </testcase> <!-- denoiseStrategyAlarmMergeRulesEditDeleteAndSelectVerify -->
  <testcase name="refresh" time="0.0" classname="com.testcases.VicubeSystem">
    <ignored/>
  </testcase> <!-- refresh -->
  <testcase name="alarmDisplayChooseTwoFunction" time="0.0" classname="com.testcases.VicubeSystem">
    <ignored/>
  </testcase> <!-- alarmDisplayChooseTwoFunction -->
  <testcase name="alarmDisplayForwardShiftingMode2" time="0.0" classname="com.testcases.VicubeSystem">
    <ignored/>
  </testcase> <!-- alarmDisplayForwardShiftingMode2 -->
  <testcase name="userEditCancel" time="0.0" classname="com.testcases.VicubeSystem">
    <ignored/>
  </testcase> <!-- userEditCancel -->
  <testcase name="alarmConfig" time="0.0" classname="com.testcases.VicubeSystem">
    <ignored/>
  </testcase> <!-- alarmConfig -->
  <testcase name="alarmClassifyRulesCreateRulesConditionSetting" time="0.0" classname="com.testcases.VicubeSystem">
    <ignored/>
  </testcase> <!-- alarmClassifyRulesCreateRulesConditionSetting -->
  <testcase name="shiftingRecordingView" time="0.0" classname="com.testcases.VicubeSystem">
    <ignored/>
  </testcase> <!-- shiftingRecordingView -->
  <testcase name="alarmConfigThresholdStrategy" time="0.0" classname="com.testcases.VicubeSystem">
    <ignored/>
  </testcase> <!-- alarmConfigThresholdStrategy -->
  <testcase name="denoiseStrategyAlarmClassifyRulesDeleteAndSelectVerify" time="0.0" classname="com.testcases.VicubeSystem">
    <ignored/>
  </testcase> <!-- denoiseStrategyAlarmClassifyRulesDeleteAndSelectVerify -->
  <testcase name="concentrateAlarmAlarmInformInformWayDisable" time="0.0" classname="com.testcases.VicubeSystem">
    <ignored/>
  </testcase> <!-- concentrateAlarmAlarmInformInformWayDisable -->
  <testcase name="alarmQueryHistoryAlarmPaging" time="0.0" classname="com.testcases.VicubeSystem">
    <ignored/>
  </testcase> <!-- alarmQueryHistoryAlarmPaging -->
  <testcase name="userLogin" time="0.0" classname="com.testcases.VicubeSystem">
    <ignored/>
  </testcase> <!-- userLogin -->
  <testcase name="alarmDisplayViewResolvedOfIgnoreHintConfirm" time="0.0" classname="com.testcases.VicubeSystem">
    <ignored/>
  </testcase> <!-- alarmDisplayViewResolvedOfIgnoreHintConfirm -->
  <testcase name="userResetPassword" time="0.0" classname="com.testcases.VicubeSystem">
    <ignored/>
  </testcase> <!-- userResetPassword -->
  <testcase name="alarmDisplayConfirmation" time="0.0" classname="com.testcases.VicubeSystem">
    <ignored/>
  </testcase> <!-- alarmDisplayConfirmation -->
  <testcase name="userCreateSave" time="0.0" classname="com.testcases.VicubeSystem">
    <ignored/>
  </testcase> <!-- userCreateSave -->
  <testcase name="alarmDisplayViewOperationLogs" time="0.0" classname="com.testcases.VicubeSystem">
    <ignored/>
  </testcase> <!-- alarmDisplayViewOperationLogs -->
  <testcase name="alarmDisplayColumnSettingAllCancle" time="0.0" classname="com.testcases.VicubeSystem">
    <ignored/>
  </testcase> <!-- alarmDisplayColumnSettingAllCancle -->
  <testcase name="editSave" time="0.0" classname="com.testcases.VicubeSystem">
    <ignored/>
  </testcase> <!-- editSave -->
  <testcase name="alarmDisplayView3" time="0.0" classname="com.testcases.VicubeSystem">
    <ignored/>
  </testcase> <!-- alarmDisplayView3 -->
  <testcase name="alarmDisplaySelectClear" time="0.0" classname="com.testcases.VicubeSystem">
    <ignored/>
  </testcase> <!-- alarmDisplaySelectClear -->
  <testcase name="alarmDisplayView2" time="0.0" classname="com.testcases.VicubeSystem">
    <ignored/>
  </testcase> <!-- alarmDisplayView2 -->
  <testcase name="concentratedAlarm" time="0.0" classname="com.testcases.VicubeSystem">
    <ignored/>
  </testcase> <!-- concentratedAlarm -->
  <testcase name="alarmDisplayView4" time="0.0" classname="com.testcases.VicubeSystem">
    <ignored/>
  </testcase> <!-- alarmDisplayView4 -->
  <testcase name="alarmDisplayAutoRefresh" time="0.0" classname="com.testcases.VicubeSystem">
    <ignored/>
  </testcase> <!-- alarmDisplayAutoRefresh -->
  <testcase name="userInvalidLogin" time="0.0" classname="com.testcases.VicubeSystem">
    <ignored/>
  </testcase> <!-- userInvalidLogin -->
  <testcase name="alarmRecoveryRulesCreateBasicSetting" time="0.0" classname="com.testcases.VicubeSystem">
    <ignored/>
  </testcase> <!-- alarmRecoveryRulesCreateBasicSetting -->
  <testcase name="workingGroupManagementInvalidSelect" time="0.0" classname="com.testcases.VicubeSystem">
    <ignored/>
  </testcase> <!-- workingGroupManagementInvalidSelect -->
  <testcase name="alarmConfigWarningStrategyCreate" time="0.0" classname="com.testcases.VicubeSystem">
    <ignored/>
  </testcase> <!-- alarmConfigWarningStrategyCreate -->
  <testcase name="alarmDisplayConfirmedAlarm" time="0.0" classname="com.testcases.VicubeSystem">
    <ignored/>
  </testcase> <!-- alarmDisplayConfirmedAlarm -->
  <testcase name="alarmUpgradeRulesEditAlarmClassifySetting" time="0.0" classname="com.testcases.VicubeSystem">
    <ignored/>
  </testcase> <!-- alarmUpgradeRulesEditAlarmClassifySetting -->
  <testcase name="alarmDisplayViewResolved" time="0.0" classname="com.testcases.VicubeSystem">
    <ignored/>
  </testcase> <!-- alarmDisplayViewResolved -->
  <testcase name="alarmDisplayResolvedOfClearMemoryHintConfirm" time="0.0" classname="com.testcases.VicubeSystem">
    <ignored/>
  </testcase> <!-- alarmDisplayResolvedOfClearMemoryHintConfirm -->
  <testcase name="alarmRecoveryRulesCreateAlarmRecoverySetting" time="0.0" classname="com.testcases.VicubeSystem">
    <ignored/>
  </testcase> <!-- alarmRecoveryRulesCreateAlarmRecoverySetting -->
  <testcase name="concentrateAlarmAlarmSelectHistoryAlarm" time="0.0" classname="com.testcases.VicubeSystem">
    <ignored/>
  </testcase> <!-- concentrateAlarmAlarmSelectHistoryAlarm -->
  <testcase name="alarmDisplayAlarmsNumberVerify" time="0.0" classname="com.testcases.VicubeSystem">
    <ignored/>
  </testcase> <!-- alarmDisplayAlarmsNumberVerify -->
  <testcase name="alarmDisplayForwardShifting" time="0.0" classname="com.testcases.VicubeSystem">
    <ignored/>
  </testcase> <!-- alarmDisplayForwardShifting -->
  <testcase name="alarmDisplayAlarmRank" time="0.0" classname="com.testcases.VicubeSystem">
    <ignored/>
  </testcase> <!-- alarmDisplayAlarmRank -->
  <testcase name="userCreateCancel" time="0.0" classname="com.testcases.VicubeSystem">
    <ignored/>
  </testcase> <!-- userCreateCancel -->
  <testcase name="alarmClassifyRulesCreate" time="0.0" classname="com.testcases.VicubeSystem">
    <ignored/>
  </testcase> <!-- alarmClassifyRulesCreate -->
  <testcase name="alarmUpgradeRulesEditRulesConditionAdvancedSetting" time="0.0" classname="com.testcases.VicubeSystem">
    <ignored/>
  </testcase> <!-- alarmUpgradeRulesEditRulesConditionAdvancedSetting -->
  <testcase name="alarmDisplayForwardShiftingClick" time="0.0" classname="com.testcases.VicubeSystem">
    <ignored/>
  </testcase> <!-- alarmDisplayForwardShiftingClick -->
  <testcase name="denoiseStrategyChooseAlarmRecoveryRules" time="0.0" classname="com.testcases.VicubeSystem">
    <ignored/>
  </testcase> <!-- denoiseStrategyChooseAlarmRecoveryRules -->
  <testcase name="alarmMergeRulesCreateRulesConditionSetting" time="0.0" classname="com.testcases.VicubeSystem">
    <ignored/>
  </testcase> <!-- alarmMergeRulesCreateRulesConditionSetting -->
  <testcase name="denoiseStrategyAlarmUpgradeRulesSelectVerify" time="0.0" classname="com.testcases.VicubeSystem">
    <ignored/>
  </testcase> <!-- denoiseStrategyAlarmUpgradeRulesSelectVerify -->
  <testcase name="concentrateAlarmAlarmInformInformWayEnable" time="0.0" classname="com.testcases.VicubeSystem">
    <ignored/>
  </testcase> <!-- concentrateAlarmAlarmInformInformWayEnable -->
  <testcase name="userAllocationPrivilegeSave" time="0.0" classname="com.testcases.VicubeSystem">
    <ignored/>
  </testcase> <!-- userAllocationPrivilegeSave -->
  <testcase name="userAssignmentGroup" time="0.0" classname="com.testcases.VicubeSystem">
    <ignored/>
  </testcase> <!-- userAssignmentGroup -->
  <testcase name="thresholdStrategyEdit" time="0.0" classname="com.testcases.VicubeSystem">
    <ignored/>
  </testcase> <!-- thresholdStrategyEdit -->
  <testcase name="alarmMergeRulesCreateAlarmMergeSetting" time="0.0" classname="com.testcases.VicubeSystem">
    <ignored/>
  </testcase> <!-- alarmMergeRulesCreateAlarmMergeSetting -->
  <testcase name="alarmDisplayConfirmationClick" time="0.0" classname="com.testcases.VicubeSystem">
    <ignored/>
  </testcase> <!-- alarmDisplayConfirmationClick -->
  <testcase name="concentrateAlarmAlarmSelect" time="0.0" classname="com.testcases.VicubeSystem">
    <ignored/>
  </testcase> <!-- concentrateAlarmAlarmSelect -->
  <testcase name="alarmRecoveryRulesCreateRulesConditionSetting" time="0.0" classname="com.testcases.VicubeSystem">
    <ignored/>
  </testcase> <!-- alarmRecoveryRulesCreateRulesConditionSetting -->
  <testcase name="alarmUpgradeRulesCreateRulesConditionSetting" time="0.0" classname="com.testcases.VicubeSystem">
    <ignored/>
  </testcase> <!-- alarmUpgradeRulesCreateRulesConditionSetting -->
  <testcase name="thresholdStrategyEditSelect" time="0.0" classname="com.testcases.VicubeSystem">
    <ignored/>
  </testcase> <!-- thresholdStrategyEditSelect -->
  <testcase name="thresholdStrategyCreate" time="0.0" classname="com.testcases.VicubeSystem">
    <ignored/>
  </testcase> <!-- thresholdStrategyCreate -->
  <testcase name="alarmMergeRulesCreateBasicSetting" time="0.0" classname="com.testcases.VicubeSystem">
    <ignored/>
  </testcase> <!-- alarmMergeRulesCreateBasicSetting -->
  <testcase name="alarmRulesDelete" time="0.0" classname="com.testcases.VicubeSystem">
    <ignored/>
  </testcase> <!-- alarmRulesDelete -->
  <testcase name="userGroupChangeState" time="0.0" classname="com.testcases.VicubeSystem">
    <ignored/>
  </testcase> <!-- userGroupChangeState -->
  <testcase name="alarmRulesStartUsing" time="0.0" classname="com.testcases.VicubeSystem">
    <ignored/>
  </testcase> <!-- alarmRulesStartUsing -->
  <testcase name="thresholdStrategyCreateSelect" time="0.0" classname="com.testcases.VicubeSystem">
    <ignored/>
  </testcase> <!-- thresholdStrategyCreateSelect -->
  <testcase name="denoiseStrategyAlarmClassifyRulesSelectVerify" time="0.0" classname="com.testcases.VicubeSystem">
    <ignored/>
  </testcase> <!-- denoiseStrategyAlarmClassifyRulesSelectVerify -->
  <testcase name="alarmDisplaySearch" time="0.0" classname="com.testcases.VicubeSystem">
    <ignored/>
  </testcase> <!-- alarmDisplaySearch -->
  <testcase name="alarmInformAlarmScreenDelete" time="0.0" classname="com.testcases.VicubeSystem">
    <ignored/>
  </testcase> <!-- alarmInformAlarmScreenDelete -->
  <testcase name="clickSelectButton" time="0.0" classname="com.testcases.VicubeSystem">
    <ignored/>
  </testcase> <!-- clickSelectButton -->
  <testcase name="alarmRecoveryRulesEditRulesConditionAdvancedSetting" time="0.0" classname="com.testcases.VicubeSystem">
    <ignored/>
  </testcase> <!-- alarmRecoveryRulesEditRulesConditionAdvancedSetting -->
  <testcase name="userEditSaveSelect" time="0.0" classname="com.testcases.VicubeSystem">
    <ignored/>
  </testcase> <!-- userEditSaveSelect -->
  <testcase name="alarmUpgradeRulesEditRulesConditionSetting" time="0.0" classname="com.testcases.VicubeSystem">
    <ignored/>
  </testcase> <!-- alarmUpgradeRulesEditRulesConditionSetting -->
  <testcase name="alarmScreenCreateRulesConditionAdvancedSetting" time="0.0" classname="com.testcases.VicubeSystem">
    <ignored/>
  </testcase> <!-- alarmScreenCreateRulesConditionAdvancedSetting -->
  <testcase name="alarmDisplayInformClick" time="0.0" classname="com.testcases.VicubeSystem">
    <ignored/>
  </testcase> <!-- alarmDisplayInformClick -->
  <testcase name="userAllocationPrivilege" time="0.0" classname="com.testcases.VicubeSystem">
    <ignored/>
  </testcase> <!-- userAllocationPrivilege -->
  <testcase name="alarmRecoveryRulesEditRulesConditionSetting" time="0.0" classname="com.testcases.VicubeSystem">
    <ignored/>
  </testcase> <!-- alarmRecoveryRulesEditRulesConditionSetting -->
  <testcase name="alarmDisplayViewEventQuery" time="0.0" classname="com.testcases.VicubeSystem">
    <ignored/>
  </testcase> <!-- alarmDisplayViewEventQuery -->
  <testcase name="userManagement" time="0.0" classname="com.testcases.VicubeSystem">
    <ignored/>
  </testcase> <!-- userManagement -->
</testsuite> <!-- 审计管理：查看、筛选 -->
